kotlin version: 2.0.0-Beta5
error message: org.jetbrains.kotlin.codegen.CompilationException: Back-end (JVM) Internal error: Couldn't transform method node:
geometricMeanByFloat (Ljava/util/Map;Lkotlin/jvm/functions/Function1;)Ljava/util/Map;:
  @Lorg/jetbrains/annotations/NotNull;() // invisible
    // annotable parameter count: 2 (visible)
    // annotable parameter count: 2 (invisible)
    @Lorg/jetbrains/annotations/NotNull;() // invisible, parameter 0
    @Lorg/jetbrains/annotations/NotNull;() // invisible, parameter 1
   L0
    ALOAD 0
    LDC "<this>"
    INVOKESTATIC kotlin/jvm/internal/Intrinsics.checkNotNullParameter (Ljava/lang/Object;Ljava/lang/String;)V
    ALOAD 1
    LDC "selector"
    INVOKESTATIC kotlin/jvm/internal/Intrinsics.checkNotNullParameter (Ljava/lang/Object;Ljava/lang/String;)V
   L1
    LINENUMBER 208 L1
    ALOAD 0
    INVOKEINTERFACE java/util/Map.entrySet ()Ljava/util/Set; (itf)
    CHECKCAST java/lang/Iterable
    ASTORE 2
    NOP
   L2
    ICONST_0
    ISTORE 3
   L3
    LINENUMBER 832 L3
    ALOAD 2
    BIPUSH 10
    INVOKESTATIC kotlin/collections/CollectionsKt.collectionSizeOrDefault (Ljava/lang/Iterable;I)I
    INVOKESTATIC kotlin/collections/MapsKt.mapCapacity (I)I
    BIPUSH 16
    INVOKESTATIC kotlin/ranges/RangesKt.coerceAtLeast (II)I
    ISTORE 4
   L4
    LINENUMBER 833 L4
    ALOAD 2
    ASTORE 5
    NEW java/util/LinkedHashMap
    DUP
    ILOAD 4
    INVOKESPECIAL java/util/LinkedHashMap.<init> (I)V
    CHECKCAST java/util/Map
    ASTORE 6
   L5
    ICONST_0
    ISTORE 7
   L6
    LINENUMBER 834 L6
    ALOAD 5
    INVOKEINTERFACE java/lang/Iterable.iterator ()Ljava/util/Iterator; (itf)
    ASTORE 8
   L7
    ALOAD 8
    INVOKEINTERFACE java/util/Iterator.hasNext ()Z (itf)
    IFEQ L8
    ALOAD 8
    INVOKEINTERFACE java/util/Iterator.next ()Ljava/lang/Object; (itf)
    ASTORE 9
   L9
    LINENUMBER 835 L9
    ALOAD 6
    ASTORE 10
    ALOAD 9
    CHECKCAST java/util/Map$Entry
    ASTORE 11
   L10
    ICONST_0
    ISTORE 12
   L11
    LINENUMBER 209 L11
    ALOAD 11
    INVOKEINTERFACE java/util/Map$Entry.getKey ()Ljava/lang/Object; (itf)
    ALOAD 11
    INVOKEINTERFACE java/util/Map$Entry.getValue ()Ljava/lang/Object; (itf)
    CHECKCAST java/lang/Iterable
    ASTORE 13
    ASTORE 14
   L12
    ICONST_0
    ISTORE 15
   L13
    LINENUMBER 836 L13
    ALOAD 13
    ASTORE 16
    NEW java/util/ArrayList
    DUP
    ALOAD 13
    BIPUSH 10
    INVOKESTATIC kotlin/collections/CollectionsKt.collectionSizeOrDefault (Ljava/lang/Iterable;I)I
    INVOKESPECIAL java/util/ArrayList.<init> (I)V
    CHECKCAST java/util/Collection
    ASTORE 17
   L14
    ICONST_0
    ISTORE 18
   L15
    LINENUMBER 837 L15
    ALOAD 16
    INVOKEINTERFACE java/lang/Iterable.iterator ()Ljava/util/Iterator; (itf)
    ASTORE 19
   L16
    ALOAD 19
    INVOKEINTERFACE java/util/Iterator.hasNext ()Z (itf)
    IFEQ L17
    ALOAD 19
    INVOKEINTERFACE java/util/Iterator.next ()Ljava/lang/Object; (itf)
    ASTORE 20
   L18
    LINENUMBER 838 L18
    ALOAD 17
    ALOAD 1
    ALOAD 20
    INVOKEINTERFACE kotlin/jvm/functions/Function1.invoke (Ljava/lang/Object;)Ljava/lang/Object; (itf)
    INVOKEINTERFACE java/util/Collection.add (Ljava/lang/Object;)Z (itf)
    POP
   L19
    GOTO L16
   L17
    LINENUMBER 839 L17
    ALOAD 17
   L20
    CHECKCAST java/util/List
   L21
    LINENUMBER 836 L21
    GOTO L22
   L22
    ALOAD 14
    SWAP
    CHECKCAST java/lang/Iterable
   L23
    LINENUMBER 209 L23
    INVOKESTATIC dream/utils/stat/NumberStatisticsKt.geometricMean (Ljava/lang/Iterable;)D
    INVOKESTATIC java/lang/Double.valueOf (D)Ljava/lang/Double;
    INVOKESTATIC kotlin/TuplesKt.to (Ljava/lang/Object;Ljava/lang/Object;)Lkotlin/Pair;
    NOP
    GOTO L24
   L24
   L25
    LINENUMBER 835 L25
    ASTORE 11
    ALOAD 10
    ALOAD 11
    INVOKEVIRTUAL kotlin/Pair.getFirst ()Ljava/lang/Object;
    ALOAD 11
    INVOKEVIRTUAL kotlin/Pair.getSecond ()Ljava/lang/Object;
    INVOKEINTERFACE java/util/Map.put (Ljava/lang/Object;Ljava/lang/Object;)Ljava/lang/Object; (itf)
    POP
   L26
    GOTO L7
   L8
    LINENUMBER 840 L8
    ALOAD 6
   L27
    LINENUMBER 833 L27
    NOP
    GOTO L28
   L28
   L29
    LINENUMBER 210 L29
    ARETURN
   L30
   L31
    LOCALVARIABLE item$iv$iv Ljava/lang/Object; L18 L19 20
    LOCALVARIABLE $i$f$mapTo I L15 L20 18
    LOCALVARIABLE $this$mapTo$iv$iv Ljava/lang/Iterable; L14 L20 16
    LOCALVARIABLE destination$iv$iv Ljava/util/Collection; L14 L20 17
    LOCALVARIABLE $i$f$map I L13 L22 15
    LOCALVARIABLE $this$map$iv Ljava/lang/Iterable; L12 L22 13
    LOCALVARIABLE $i$a$-associate-FloatStatisticsKt$geometricMeanByFloat$2 I L11 L24 12
    LOCALVARIABLE it Ljava/util/Map$Entry; L10 L24 11
    LOCALVARIABLE element$iv$iv Ljava/lang/Object; L9 L26 9
    LOCALVARIABLE $i$f$associateTo I L6 L27 7
    LOCALVARIABLE $this$associateTo$iv$iv Ljava/lang/Iterable; L5 L27 5
    LOCALVARIABLE destination$iv$iv Ljava/util/Map; L5 L27 6
    LOCALVARIABLE $i$f$associate I L3 L28 3
    LOCALVARIABLE capacity$iv I L4 L28 4
    LOCALVARIABLE $this$associate$iv Ljava/lang/Iterable; L2 L28 2
    LOCALVARIABLE $this$geometricMeanByFloat Ljava/util/Map; L0 L31 0
    LOCALVARIABLE selector Lkotlin/jvm/functions/Function1; L0 L31 1
    MAXSTACK = 4
    MAXLOCALS = 21

File is unknown
The root cause java.lang.OutOfMemoryError was thrown at: unknown
	at org.jetbrains.kotlin.codegen.TransformationMethodVisitor.visitEnd(TransformationMethodVisitor.kt:89)
	at org.jetbrains.org.objectweb.asm.MethodVisitor.visitEnd(MethodVisitor.java:783)
	at org.jetbrains.org.objectweb.asm.tree.MethodNode.accept(MethodNode.java:772)
	at org.jetbrains.kotlin.backend.jvm.codegen.ClassCodegen.generateMethod(ClassCodegen.kt:450)
	at org.jetbrains.kotlin.backend.jvm.codegen.ClassCodegen.generate(ClassCodegen.kt:169)
	at org.jetbrains.kotlin.backend.jvm.FileCodegen.lower(JvmPhases.kt:41)
	at org.jetbrains.kotlin.backend.common.phaser.PhaseBuildersKt.makeIrFilePhase$lambda$7(PhaseBuilders.kt:136)
	at org.jetbrains.kotlin.backend.common.phaser.PhaseBuildersKt$createSimpleNamedCompilerPhase$1.phaseBody(PhaseBuilders.kt:72)
	at org.jetbrains.kotlin.backend.common.phaser.SimpleNamedCompilerPhase.phaseBody(CompilerPhase.kt:226)
	at org.jetbrains.kotlin.backend.common.phaser.AbstractNamedCompilerPhase.invoke(CompilerPhase.kt:113)
	at org.jetbrains.kotlin.backend.common.phaser.PerformByIrFilePhase.invokeSequential(performByIrFile.kt:62)
	at org.jetbrains.kotlin.backend.common.phaser.PerformByIrFilePhase.invoke(performByIrFile.kt:52)
	at org.jetbrains.kotlin.backend.common.phaser.PerformByIrFilePhase.invoke(performByIrFile.kt:38)
	at org.jetbrains.kotlin.backend.common.phaser.NamedCompilerPhase.phaseBody(CompilerPhase.kt:166)
	at org.jetbrains.kotlin.backend.common.phaser.AbstractNamedCompilerPhase.invoke(CompilerPhase.kt:113)
	at org.jetbrains.kotlin.backend.common.phaser.CompositePhase.invoke(PhaseBuilders.kt:30)
	at org.jetbrains.kotlin.backend.common.phaser.CompositePhase.invoke(PhaseBuilders.kt:17)
	at org.jetbrains.kotlin.backend.common.phaser.NamedCompilerPhase.phaseBody(CompilerPhase.kt:166)
	at org.jetbrains.kotlin.backend.common.phaser.AbstractNamedCompilerPhase.invoke(CompilerPhase.kt:113)
	at org.jetbrains.kotlin.backend.common.phaser.CompilerPhaseKt.invokeToplevel(CompilerPhase.kt:62)
	at org.jetbrains.kotlin.backend.jvm.JvmIrCodegenFactory.invokeCodegen(JvmIrCodegenFactory.kt:371)
	at org.jetbrains.kotlin.codegen.CodegenFactory.generateModule(CodegenFactory.kt:47)
	at org.jetbrains.kotlin.backend.jvm.JvmIrCodegenFactory.generateModuleInFrontendIRMode(JvmIrCodegenFactory.kt:433)
	at org.jetbrains.kotlin.cli.jvm.compiler.pipeline.CompilerPipelineKt.generateCodeFromIr(compilerPipeline.kt:239)
	at org.jetbrains.kotlin.cli.jvm.compiler.pipeline.CompilerPipelineKt.compileModulesUsingFrontendIrAndLightTree(compilerPipeline.kt:138)
	at org.jetbrains.kotlin.cli.jvm.K2JVMCompiler.doExecute(K2JVMCompiler.kt:156)
	at org.jetbrains.kotlin.cli.jvm.K2JVMCompiler.doExecute(K2JVMCompiler.kt:50)
	at org.jetbrains.kotlin.cli.common.CLICompiler.execImpl(CLICompiler.kt:104)
	at org.jetbrains.kotlin.cli.common.CLICompiler.execImpl(CLICompiler.kt:48)
	at org.jetbrains.kotlin.cli.common.CLITool.exec(CLITool.kt:101)
	at org.jetbrains.kotlin.incremental.IncrementalJvmCompilerRunner.runCompiler(IncrementalJvmCompilerRunner.kt:453)
	at org.jetbrains.kotlin.incremental.IncrementalJvmCompilerRunner.runCompiler(IncrementalJvmCompilerRunner.kt:62)
	at org.jetbrains.kotlin.incremental.IncrementalCompilerRunner.doCompile(IncrementalCompilerRunner.kt:506)
	at org.jetbrains.kotlin.incremental.IncrementalCompilerRunner.compileImpl(IncrementalCompilerRunner.kt:423)
	at org.jetbrains.kotlin.incremental.IncrementalCompilerRunner.compileNonIncrementally(IncrementalCompilerRunner.kt:301)
	at org.jetbrains.kotlin.incremental.IncrementalCompilerRunner.compile(IncrementalCompilerRunner.kt:129)
	at org.jetbrains.kotlin.daemon.CompileServiceImplBase.execIncrementalCompiler(CompileServiceImpl.kt:676)
	at org.jetbrains.kotlin.daemon.CompileServiceImplBase.access$execIncrementalCompiler(CompileServiceImpl.kt:92)
	at org.jetbrains.kotlin.daemon.CompileServiceImpl.compile(CompileServiceImpl.kt:1663)
	at jdk.internal.reflect.GeneratedMethodAccessor13.invoke(Unknown Source)
	at java.base/jdk.internal.reflect.DelegatingMethodAccessorImpl.invoke(DelegatingMethodAccessorImpl.java:43)
	at java.base/java.lang.reflect.Method.invoke(Method.java:568)
	at java.rmi/sun.rmi.server.UnicastServerRef.dispatch(UnicastServerRef.java:360)
	at java.rmi/sun.rmi.transport.Transport$1.run(Transport.java:200)
	at java.rmi/sun.rmi.transport.Transport$1.run(Transport.java:197)
	at java.base/java.security.AccessController.doPrivileged(AccessController.java:712)
	at java.rmi/sun.rmi.transport.Transport.serviceCall(Transport.java:196)
	at java.rmi/sun.rmi.transport.tcp.TCPTransport.handleMessages(TCPTransport.java:587)
	at java.rmi/sun.rmi.transport.tcp.TCPTransport$ConnectionHandler.run0(TCPTransport.java:828)
	at java.rmi/sun.rmi.transport.tcp.TCPTransport$ConnectionHandler.lambda$run$0(TCPTransport.java:705)
	at java.base/java.security.AccessController.doPrivileged(AccessController.java:399)
	at java.rmi/sun.rmi.transport.tcp.TCPTransport$ConnectionHandler.run(TCPTransport.java:704)
	at java.base/java.util.concurrent.ThreadPoolExecutor.runWorker(ThreadPoolExecutor.java:1136)
	at java.base/java.util.concurrent.ThreadPoolExecutor$Worker.run(ThreadPoolExecutor.java:635)
	at java.base/java.lang.Thread.run(Thread.java:833)
Caused by: java.lang.OutOfMemoryError: GC overhead limit exceeded


